<?xml version="1.0" encoding="UTF-8" standalone="yes"?>
<graph namespace="vertex">
    <vertex>
        <icon>VAADIN/widgetsets/org.opennms.features.topology.app.internal.gwt.TopologyWidget/topologywidget/images/server.png</icon>
        <id>v0</id>
        <locked>false</locked>
        <parent>e0</parent>
        <selected>false</selected>
        <x>50</x>
        <y>100</y>
    </vertex>
    <vertex>
        <icon>VAADIN/widgetsets/org.opennms.features.topology.app.internal.gwt.TopologyWidget/topologywidget/images/server.png</icon>
        <id>v1</id>
        <locked>false</locked>
        <parent>e0</parent>
        <selected>false</selected>
        <x>100</x>
        <y>50</y>
    </vertex>
    <vertex>
        <icon>VAADIN/widgetsets/org.opennms.features.topology.app.internal.gwt.TopologyWidget/topologywidget/images/server.png</icon>
        <id>v2</id>
        <locked>false</locked>
        <parent>e1</parent>
        <selected>false</selected>
        <x>100</x>
        <y>150</y>
    </vertex>
    <vertex>
        <icon>VAADIN/widgetsets/org.opennms.features.topology.app.internal.gwt.TopologyWidget/topologywidget/images/server.png</icon>
        <id>v3</id>
        <locked>false</locked>
        <parent>e1</parent>
        <selected>false</selected>
        <x>150</x>
        <y>100</y>
    </vertex>
    <vertex>
        <icon>VAADIN/widgetsets/org.opennms.features.topology.app.internal.gwt.TopologyWidget/topologywidget/images/server.png</icon>
        <id>v4</id>
        <locked>false</locked>
        <selected>false</selected>
        <x>200</x>
        <y>200</y>
    </vertex>
    <group>
        <icon>VAADIN/widgetsets/org.opennms.features.topology.app.internal.gwt.TopologyWidget/topologywidget/images/group.png</icon>
        <id>e0</id>
        <locked>false</locked>
        <selected>false</selected>
        <x>0</x>
        <y>0</y>
        <members>v0</members>
        <members>v1</members>
    </group>
    <group>
        <icon>VAADIN/widgetsets/org.opennms.features.topology.app.internal.gwt.TopologyWidget/topologywidget/images/group.png</icon>
        <id>e1</id>
        <locked>false</locked>
        <selected>false</selected>
        <x>0</x>
        <y>0</y>
        <members>v2</members>
        <members>v3</members>
    </group>
    <edge>
        <id>e2</id>
        <source>v0</source>
        <target>v1</target>
    </edge>
    <edge>
        <id>e3</id>
        <source>v0</source>
        <target>v2</target>
    </edge>
    <edge>
        <id>e4</id>
        <source>v1</source>
        <target>v2</target>
    </edge>
    <edge>
        <id>e5</id>
        <source>v1</source>
        <target>v3</target>
    </edge>
    <edge>
        <id>e6</id>
        <source>v2</source>
        <target>v3</target>
    </edge>
    <edge>
        <id>e7</id>
        <source>v0</source>
        <target>v4</target>
    </edge>
    <edge>
        <id>e8</id>
        <source>v3</source>
        <target>v4</target>
    </edge>
</graph>
